<?xml version="1.0" encoding="UTF-8"?>
<beans xmlns="http://www.springframework.org/schema/beans"
       xmlns:xsi="http://www.w3.org/2001/XMLSchema-instance"
       xmlns:jdbc="http://www.springframework.org/schema/jdbc"
       xmlns:context="http://www.springframework.org/schema/context"
       xsi:schemaLocation="http://www.springframework.org/schema/beans http://www.springframework.org/schema/beans/spring-beans-3.0.xsd
       http://www.springframework.org/schema/jdbc http://www.springframework.org/schema/jdbc/spring-jdbc-3.0.xsd
       http://www.springframework.org/schema/context http://www.springframework.org/schema/context/spring-context-3.0.xsd
       ">

    <description>This is an example Spring configuration file</description>

    <bean id="exampleBean" class="com.houston.training.spring.basic.ExampleBeanImpl"/>

    <bean id="jdbcTemplateExample" class="com.houston.training.spring.basic.jdbc.JdbcTemplateExample"/>

    <bean id="rowMapper" class="com.houston.training.spring.basic.jdbc.ExampleRowMapper"/>

    <bean id="jdbcOperations" class="org.springframework.jdbc.core.JdbcTemplate">
        <constructor-arg type="javax.sql.DataSource" ref="dataSource"/>
    </bean>

    <jdbc:embedded-database id="dataSource" type="H2">
        <jdbc:script location="classpath:schema.sql"/>
        <jdbc:script location="classpath:test-data.sql"/>
    </jdbc:embedded-database>


    <context:property-placeholder location="sql.properties"/>

</beans>
